Using pre-set license

 COMMAND LINE ARGUMENTS:
/Applications/Unity/Hub/Editor/2020.2.3f1/Unity.app/Contents/MacOS/Unity
-adb2
-batchMode
-noUpm
-name
AssetImportWorker0
-projectPath
/Users/tsukadaharuna/ProjectH
-logFile
Logs/AssetImportWorker0.log
-srvPort
64053
Successfully changed project path to: /Users/tsukadaharuna/ProjectH
/Users/tsukadaharuna/ProjectH
Using Asset Import Pipeline V2.
Refreshing native plugins compatible for Editor in 39.22 ms, found 2 plugins.
Preloading 0 native plugins for Editor in 0.00 ms.
Initialize engine version: 2020.2.3f1 (8ff31bc5bf5b)
[Subsystems] Discovering subsystems at path /Applications/Unity/Hub/Editor/2020.2.3f1/Unity.app/Contents/Resources/UnitySubsystems
[Subsystems] Discovering subsystems at path /Users/tsukadaharuna/ProjectH/Assets
GfxDevice: creating device client; threaded=0
2023-10-28 22:12:43.049 Unity[14947:728727] (null) preferred device: Apple M1 (high power)
2023-10-28 22:12:43.049 Unity[14947:728727] Metal devices available: 1
2023-10-28 22:12:43.049 Unity[14947:728727] 0: Apple M1 (high power)
2023-10-28 22:12:43.049 Unity[14947:728727] Using device Apple M1 (high power)
Initializing Metal device caps: Apple M1
Initialize mono
Mono path[0] = '/Applications/Unity/Hub/Editor/2020.2.3f1/Unity.app/Contents/Managed'
Mono path[1] = '/Applications/Unity/Hub/Editor/2020.2.3f1/Unity.app/Contents/MonoBleedingEdge/lib/mono/unityjit'
Mono config path = '/Applications/Unity/Hub/Editor/2020.2.3f1/Unity.app/Contents/MonoBleedingEdge/etc'
Using monoOptions --debugger-agent=transport=dt_socket,embedding=1,server=y,suspend=n,address=127.0.0.1:56947
Begin MonoManager ReloadAssembly
Registering precompiled unity dll's ...
Register platform support module: /Applications/Unity/Hub/Editor/2020.2.3f1/PlaybackEngines/WebGLSupport/UnityEditor.WebGL.Extensions.dll
Register platform support module: /Applications/Unity/Hub/Editor/2020.2.3f1/Unity.app/Contents/PlaybackEngines/MacStandaloneSupport/UnityEditor.OSXStandalone.Extensions.dll
Registered in 0.001282 seconds.
Native extension for OSXStandalone target not found
Native extension for WebGL target not found
Refreshing native plugins compatible for Editor in 35.99 ms, found 2 plugins.
Preloading 0 native plugins for Editor in 0.00 ms.
Invoked RoslynAnalysisRunner static constructor.
RoslynAnalysisRunner will not be running.
RoslynAnalysisRunner has terminated.
Mono: successfully reloaded assembly
- Completed reload, in  2.426 seconds
Platform modules already initialized, skipping
Registering precompiled user dll's ...
Registered in 0.000718 seconds.
Begin MonoManager ReloadAssembly
Native extension for OSXStandalone target not found
Native extension for WebGL target not found
Refreshing native plugins compatible for Editor in 37.25 ms, found 2 plugins.
Preloading 0 native plugins for Editor in 0.00 ms.
Invoked RoslynAnalysisRunner static constructor.
RoslynAnalysisRunner will not be running.
RoslynAnalysisRunner has terminated.
Mono: successfully reloaded assembly
- Completed reload, in  1.576 seconds
Platform modules already initialized, skipping
========================================================================
Worker process is ready to serve import requests
Launching external process: /Applications/Unity/Hub/Editor/2020.2.3f1/Unity.app/Contents/Tools/UnityShaderCompiler
Launched and connected shader compiler UnityShaderCompiler after 0.17 seconds
Refreshing native plugins compatible for Editor in 0.33 ms, found 2 plugins.
Preloading 0 native plugins for Editor in 0.00 ms.
Unloading 1828 Unused Serialized files (Serialized files now loaded: 0)
System memory in use before: 79.0 MB.
System memory in use after: 79.1 MB.

Unloading 19 unused Assets to reduce memory usage. Loaded Objects now: 2275.
Total: 3.155333 ms (FindLiveObjects: 0.386917 ms CreateObjectMapping: 0.040708 ms MarkObjects: 2.484791 ms  DeleteObjects: 0.240125 ms)

========================================================================
Received Import Request.
  path: Assets/Resources/block.jpg
  artifactKey: Guid(4d0c7c21f6924441e85ecff68574327c) Importer(815301076,1909f56bfc062723c751e8b465ee728b)
Start importing Assets/Resources/block.jpg using Guid(4d0c7c21f6924441e85ecff68574327c) Importer(815301076,1909f56bfc062723c751e8b465ee728b)  -> (artifact id: '619b0b2cd4d6fb430ab0199f39db1336') in 0.749838 seconds
  Import took 0.756212 seconds .

========================================================================
Received Import Request.
  Time since last request: 23.582388 seconds.
  path: Assets/Resources/block.jpg
  artifactKey: Guid(4d0c7c21f6924441e85ecff68574327c) Importer(815301076,1909f56bfc062723c751e8b465ee728b)
Start importing Assets/Resources/block.jpg using Guid(4d0c7c21f6924441e85ecff68574327c) Importer(815301076,1909f56bfc062723c751e8b465ee728b)  -> (artifact id: 'fe008eeaf2b160b076f73c19b1a09cdb') in 0.060702 seconds
  Import took 0.071710 seconds .

========================================================================
Received Import Request.
  Time since last request: 4.026406 seconds.
  path: Assets/Resources/block.jpg
  artifactKey: Guid(4d0c7c21f6924441e85ecff68574327c) Importer(815301076,1909f56bfc062723c751e8b465ee728b)
Start importing Assets/Resources/block.jpg using Guid(4d0c7c21f6924441e85ecff68574327c) Importer(815301076,1909f56bfc062723c751e8b465ee728b)  -> (artifact id: '8da1373209b961dba4b62185cc8bc29f') in 0.011268 seconds
  Import took 0.016513 seconds .

========================================================================
Received Import Request.
  Time since last request: 0.003288 seconds.
  path: Assets/Resources/block.jpg
  artifactKey: Guid(4d0c7c21f6924441e85ecff68574327c) Importer(815301076,1909f56bfc062723c751e8b465ee728b)
Start importing Assets/Resources/block.jpg using Guid(4d0c7c21f6924441e85ecff68574327c) Importer(815301076,1909f56bfc062723c751e8b465ee728b)  -> (artifact id: '8da1373209b961dba4b62185cc8bc29f') in 0.008291 seconds
  Import took 0.012777 seconds .

========================================================================
Received Import Request.
  Time since last request: 7.132956 seconds.
  path: Assets/Resources/block.jpg
  artifactKey: Guid(4d0c7c21f6924441e85ecff68574327c) Importer(815301076,1909f56bfc062723c751e8b465ee728b)
Start importing Assets/Resources/block.jpg using Guid(4d0c7c21f6924441e85ecff68574327c) Importer(815301076,1909f56bfc062723c751e8b465ee728b)  -> (artifact id: 'b887ef2993991a00a373537de98131a3') in 0.011693 seconds
  Import took 0.016362 seconds .

========================================================================
Received Import Request.
  Time since last request: 0.001013 seconds.
  path: Assets/Resources/block.jpg
  artifactKey: Guid(4d0c7c21f6924441e85ecff68574327c) Importer(815301076,1909f56bfc062723c751e8b465ee728b)
Start importing Assets/Resources/block.jpg using Guid(4d0c7c21f6924441e85ecff68574327c) Importer(815301076,1909f56bfc062723c751e8b465ee728b)  -> (artifact id: 'b887ef2993991a00a373537de98131a3') in 0.015663 seconds
  Import took 0.020043 seconds .

========================================================================
Received Import Request.
  Time since last request: 7.605070 seconds.
  path: Assets/Resources/block.jpg
  artifactKey: Guid(4d0c7c21f6924441e85ecff68574327c) Importer(815301076,1909f56bfc062723c751e8b465ee728b)
Start importing Assets/Resources/block.jpg using Guid(4d0c7c21f6924441e85ecff68574327c) Importer(815301076,1909f56bfc062723c751e8b465ee728b)  -> (artifact id: 'fc66f007d67de378dedfb45445cc4b97') in 0.011007 seconds
  Import took 0.015603 seconds .

========================================================================
Received Import Request.
  Time since last request: 18.068377 seconds.
  path: Assets/Resources/block.jpg
  artifactKey: Guid(4d0c7c21f6924441e85ecff68574327c) Importer(815301076,1909f56bfc062723c751e8b465ee728b)
Start importing Assets/Resources/block.jpg using Guid(4d0c7c21f6924441e85ecff68574327c) Importer(815301076,1909f56bfc062723c751e8b465ee728b)  -> (artifact id: 'b07be6706caaf90a8fac18f7c1f95269') in 0.039324 seconds
  Import took 0.049585 seconds .

========================================================================
Received Import Request.
  Time since last request: 6.313557 seconds.
  path: Assets/Resources/block.jpg
  artifactKey: Guid(4d0c7c21f6924441e85ecff68574327c) Importer(815301076,1909f56bfc062723c751e8b465ee728b)
Start importing Assets/Resources/block.jpg using Guid(4d0c7c21f6924441e85ecff68574327c) Importer(815301076,1909f56bfc062723c751e8b465ee728b)  -> (artifact id: '9ae3bdd59898c2fbd6dc77bf09a81703') in 0.012686 seconds
  Import took 0.016969 seconds .

========================================================================
Received Import Request.
  Time since last request: 9.003038 seconds.
  path: Assets/Resources/block.jpg
  artifactKey: Guid(4d0c7c21f6924441e85ecff68574327c) Importer(815301076,1909f56bfc062723c751e8b465ee728b)
Start importing Assets/Resources/block.jpg using Guid(4d0c7c21f6924441e85ecff68574327c) Importer(815301076,1909f56bfc062723c751e8b465ee728b)  -> (artifact id: 'edca132cc2bb4760922e945402ddcf59') in 0.011476 seconds
  Import took 0.014999 seconds .

========================================================================
Received Import Request.
  Time since last request: 7.735289 seconds.
  path: Assets/Resources/block.jpg
  artifactKey: Guid(4d0c7c21f6924441e85ecff68574327c) Importer(815301076,1909f56bfc062723c751e8b465ee728b)
Start importing Assets/Resources/block.jpg using Guid(4d0c7c21f6924441e85ecff68574327c) Importer(815301076,1909f56bfc062723c751e8b465ee728b)  -> (artifact id: '627de74f20d450a1590c0099e8e0cac8') in 0.017121 seconds
  Import took 0.026538 seconds .

========================================================================
Received Import Request.
  Time since last request: 5.155399 seconds.
  path: Assets/Resources/block.jpg
  artifactKey: Guid(4d0c7c21f6924441e85ecff68574327c) Importer(815301076,1909f56bfc062723c751e8b465ee728b)
Start importing Assets/Resources/block.jpg using Guid(4d0c7c21f6924441e85ecff68574327c) Importer(815301076,1909f56bfc062723c751e8b465ee728b)  -> (artifact id: '2a11f9d1b3f67f7b3e744be5e0995364') in 0.015258 seconds
  Import took 0.019746 seconds .

========================================================================
Received Import Request.
  Time since last request: 10.903556 seconds.
  path: Assets/Resources/block.jpg
  artifactKey: Guid(4d0c7c21f6924441e85ecff68574327c) Importer(815301076,1909f56bfc062723c751e8b465ee728b)
Start importing Assets/Resources/block.jpg using Guid(4d0c7c21f6924441e85ecff68574327c) Importer(815301076,1909f56bfc062723c751e8b465ee728b)  -> (artifact id: '5ff618a129f8ea002c6b045f85d2eabc') in 0.017812 seconds
  Import took 0.023556 seconds .

========================================================================
Received Import Request.
  Time since last request: 9.706838 seconds.
  path: Assets/Resources/block.jpg
  artifactKey: Guid(4d0c7c21f6924441e85ecff68574327c) Importer(815301076,1909f56bfc062723c751e8b465ee728b)
Start importing Assets/Resources/block.jpg using Guid(4d0c7c21f6924441e85ecff68574327c) Importer(815301076,1909f56bfc062723c751e8b465ee728b)  -> (artifact id: '28e2c1b9252977d81a360bdd814eef5c') in 0.011325 seconds
  Import took 0.014535 seconds .

========================================================================
Received Import Request.
  Time since last request: 0.002838 seconds.
  path: Assets/Resources/block.jpg
  artifactKey: Guid(4d0c7c21f6924441e85ecff68574327c) Importer(815301076,1909f56bfc062723c751e8b465ee728b)
Start importing Assets/Resources/block.jpg using Guid(4d0c7c21f6924441e85ecff68574327c) Importer(815301076,1909f56bfc062723c751e8b465ee728b)  -> (artifact id: '28e2c1b9252977d81a360bdd814eef5c') in 0.008183 seconds
  Import took 0.011100 seconds .

========================================================================
Received Import Request.
  Time since last request: 9.888202 seconds.
  path: Assets/Resources/block.jpg
  artifactKey: Guid(4d0c7c21f6924441e85ecff68574327c) Importer(815301076,1909f56bfc062723c751e8b465ee728b)
Start importing Assets/Resources/block.jpg using Guid(4d0c7c21f6924441e85ecff68574327c) Importer(815301076,1909f56bfc062723c751e8b465ee728b)  -> (artifact id: 'fcd599d7dd519cc197a3a58410063842') in 0.037008 seconds
  Import took 0.046196 seconds .

========================================================================
Received Import Request.
  Time since last request: 505.441861 seconds.
  path: Assets/Resources/block02.jpg
  artifactKey: Guid(d5daf659b1f214659b40bdf9b97190bd) Importer(815301076,1909f56bfc062723c751e8b465ee728b)
Start importing Assets/Resources/block02.jpg using Guid(d5daf659b1f214659b40bdf9b97190bd) Importer(815301076,1909f56bfc062723c751e8b465ee728b)  -> (artifact id: '331c10af83e906020caf2129f5fda8b0') in 0.038435 seconds
  Import took 0.048255 seconds .

========================================================================
Received Import Request.
  Time since last request: 8.640992 seconds.
  path: Assets/Resources/block02.jpg
  artifactKey: Guid(d5daf659b1f214659b40bdf9b97190bd) Importer(815301076,1909f56bfc062723c751e8b465ee728b)
Start importing Assets/Resources/block02.jpg using Guid(d5daf659b1f214659b40bdf9b97190bd) Importer(815301076,1909f56bfc062723c751e8b465ee728b)  -> (artifact id: 'f0e1557c838273d2e244a38228e663a0') in 0.011065 seconds
  Import took 0.016015 seconds .

========================================================================
Received Import Request.
  Time since last request: 0.001934 seconds.
  path: Assets/Resources/block02.jpg
  artifactKey: Guid(d5daf659b1f214659b40bdf9b97190bd) Importer(815301076,1909f56bfc062723c751e8b465ee728b)
Start importing Assets/Resources/block02.jpg using Guid(d5daf659b1f214659b40bdf9b97190bd) Importer(815301076,1909f56bfc062723c751e8b465ee728b)  -> (artifact id: 'f0e1557c838273d2e244a38228e663a0') in 0.008650 seconds
  Import took 0.012906 seconds .

========================================================================
Received Import Request.
  Time since last request: 137.939321 seconds.
  path: Assets/Resources/block03.jpg
  artifactKey: Guid(8dcd8c251578745618112956bc247e04) Importer(815301076,1909f56bfc062723c751e8b465ee728b)
Start importing Assets/Resources/block03.jpg using Guid(8dcd8c251578745618112956bc247e04) Importer(815301076,1909f56bfc062723c751e8b465ee728b)  -> (artifact id: 'fb906ac22d2db3e753e781a9e4f95d83') in 0.036762 seconds
  Import took 0.047146 seconds .

========================================================================
Received Import Request.
  Time since last request: 19.102067 seconds.
  path: Assets/Resources/block03.jpg
  artifactKey: Guid(8dcd8c251578745618112956bc247e04) Importer(815301076,1909f56bfc062723c751e8b465ee728b)
Start importing Assets/Resources/block03.jpg using Guid(8dcd8c251578745618112956bc247e04) Importer(815301076,1909f56bfc062723c751e8b465ee728b)  -> (artifact id: '92a633e05f15f72ac1ae3a92b290b88e') in 0.009745 seconds
  Import took 0.013281 seconds .

========================================================================
Received Import Request.
  Time since last request: 22.436124 seconds.
  path: Assets/Resources/block04.jpg
  artifactKey: Guid(29db26d6b96fa498eb1191e62a162d93) Importer(815301076,1909f56bfc062723c751e8b465ee728b)
Start importing Assets/Resources/block04.jpg using Guid(29db26d6b96fa498eb1191e62a162d93) Importer(815301076,1909f56bfc062723c751e8b465ee728b)  -> (artifact id: 'f0308ecee29529d5505172df9b254c9f') in 0.017638 seconds
  Import took 0.029808 seconds .

========================================================================
Received Import Request.
  Time since last request: 3.423846 seconds.
  path: Assets/Resources/block04.jpg
  artifactKey: Guid(29db26d6b96fa498eb1191e62a162d93) Importer(815301076,1909f56bfc062723c751e8b465ee728b)
Start importing Assets/Resources/block04.jpg using Guid(29db26d6b96fa498eb1191e62a162d93) Importer(815301076,1909f56bfc062723c751e8b465ee728b)  -> (artifact id: '2a8c66967762bfeca49b6c2713ba48bf') in 0.012530 seconds
  Import took 0.016014 seconds .

========================================================================
Received Prepare
Registering precompiled user dll's ...
Registered in 0.001617 seconds.
Begin MonoManager ReloadAssembly
Native extension for OSXStandalone target not found
Native extension for WebGL target not found
Refreshing native plugins compatible for Editor in 0.39 ms, found 2 plugins.
Preloading 0 native plugins for Editor in 0.00 ms.
Invoked RoslynAnalysisRunner static constructor.
RoslynAnalysisRunner will not be running.
RoslynAnalysisRunner has terminated.
Mono: successfully reloaded assembly
- Completed reload, in  1.560 seconds
Platform modules already initialized, skipping
Refreshing native plugins compatible for Editor in 0.34 ms, found 2 plugins.
Preloading 0 native plugins for Editor in 0.00 ms.
Unloading 1805 Unused Serialized files (Serialized files now loaded: 0)
System memory in use before: 159.3 MB.
System memory in use after: 159.4 MB.

Unloading 7 unused Assets to reduce memory usage. Loaded Objects now: 2284.
Total: 1.476042 ms (FindLiveObjects: 0.165917 ms CreateObjectMapping: 0.038125 ms MarkObjects: 1.244084 ms  DeleteObjects: 0.025750 ms)

========================================================================
Received Import Request.
  Time since last request: 364.273348 seconds.
  path: Assets/Resources/block.jpg
  artifactKey: Guid(d5daf659b1f214659b40bdf9b97190bd) Importer(815301076,1909f56bfc062723c751e8b465ee728b)
Start importing Assets/Resources/block.jpg using Guid(d5daf659b1f214659b40bdf9b97190bd) Importer(815301076,1909f56bfc062723c751e8b465ee728b)  -> (artifact id: 'de6502ebd874d6baf14558a18072af40') in 0.164595 seconds
  Import took 0.169355 seconds .

========================================================================
Received Prepare
Registering precompiled user dll's ...
Registered in 0.001619 seconds.
Begin MonoManager ReloadAssembly
Native extension for OSXStandalone target not found
Native extension for WebGL target not found
Refreshing native plugins compatible for Editor in 0.40 ms, found 2 plugins.
Preloading 0 native plugins for Editor in 0.00 ms.
Invoked RoslynAnalysisRunner static constructor.
RoslynAnalysisRunner will not be running.
RoslynAnalysisRunner has terminated.
Mono: successfully reloaded assembly
- Completed reload, in  1.558 seconds
Platform modules already initialized, skipping
Refreshing native plugins compatible for Editor in 0.32 ms, found 2 plugins.
Preloading 0 native plugins for Editor in 0.00 ms.
Unloading 1805 Unused Serialized files (Serialized files now loaded: 0)
System memory in use before: 160.9 MB.
System memory in use after: 161.0 MB.

Unloading 7 unused Assets to reduce memory usage. Loaded Objects now: 2288.
Total: 1.387208 ms (FindLiveObjects: 0.142625 ms CreateObjectMapping: 0.038125 ms MarkObjects: 1.193792 ms  DeleteObjects: 0.011584 ms)

========================================================================
Received Import Request.
  Time since last request: 673.927768 seconds.
  path: Assets/Resources/block02.jpg
  artifactKey: Guid(3093724670ee548578f776f74e252172) Importer(815301076,1909f56bfc062723c751e8b465ee728b)
Start importing Assets/Resources/block02.jpg using Guid(3093724670ee548578f776f74e252172) Importer(815301076,1909f56bfc062723c751e8b465ee728b)  -> (artifact id: 'ed01d18692c28b363c23a628d1db3d9f') in 0.200626 seconds
  Import took 0.220543 seconds .

========================================================================
Received Import Request.
  Time since last request: 3.364151 seconds.
  path: Assets/Resources/block02.jpg
  artifactKey: Guid(3093724670ee548578f776f74e252172) Importer(815301076,1909f56bfc062723c751e8b465ee728b)
Start importing Assets/Resources/block02.jpg using Guid(3093724670ee548578f776f74e252172) Importer(815301076,1909f56bfc062723c751e8b465ee728b)  -> (artifact id: 'd8dc72ecc11972c1f6fcc8e6149c3d11') in 0.014111 seconds
  Import took 0.018551 seconds .

========================================================================
Received Import Request.
  Time since last request: 72.206095 seconds.
  path: Assets/Resources/hole01.jpg
  artifactKey: Guid(2edb5c55aaa5941cc8dde07d588acd55) Importer(815301076,1909f56bfc062723c751e8b465ee728b)
Start importing Assets/Resources/hole01.jpg using Guid(2edb5c55aaa5941cc8dde07d588acd55) Importer(815301076,1909f56bfc062723c751e8b465ee728b)  -> (artifact id: 'ae16656f824e7c472e2386f64a29d8c2') in 0.021644 seconds
  Import took 0.032799 seconds .

========================================================================
Received Import Request.
  Time since last request: 3.753363 seconds.
  path: Assets/Resources/hole01.jpg
  artifactKey: Guid(2edb5c55aaa5941cc8dde07d588acd55) Importer(815301076,1909f56bfc062723c751e8b465ee728b)
Start importing Assets/Resources/hole01.jpg using Guid(2edb5c55aaa5941cc8dde07d588acd55) Importer(815301076,1909f56bfc062723c751e8b465ee728b)  -> (artifact id: '7b1319406d633d55a95592a379407e9e') in 0.012724 seconds
  Import took 0.016715 seconds .

========================================================================
Received Import Request.
  Time since last request: 1.345540 seconds.
  path: Assets/Resources/hole02.jpg
  artifactKey: Guid(c665bed8c39424b07b92e4525b8433ce) Importer(815301076,1909f56bfc062723c751e8b465ee728b)
Start importing Assets/Resources/hole02.jpg using Guid(c665bed8c39424b07b92e4525b8433ce) Importer(815301076,1909f56bfc062723c751e8b465ee728b)  -> (artifact id: '30c87afcdc2cfc16cda5edc44bddd5c9') in 0.014657 seconds
  Import took 0.021422 seconds .

========================================================================
Received Import Request.
  Time since last request: 5.368778 seconds.
  path: Assets/Resources/hole02.jpg
  artifactKey: Guid(c665bed8c39424b07b92e4525b8433ce) Importer(815301076,1909f56bfc062723c751e8b465ee728b)
Start importing Assets/Resources/hole02.jpg using Guid(c665bed8c39424b07b92e4525b8433ce) Importer(815301076,1909f56bfc062723c751e8b465ee728b)  -> (artifact id: '4c4c397db44cd49af8ece91da2270398') in 0.010456 seconds
  Import took 0.014491 seconds .

========================================================================
Received Prepare
Registering precompiled user dll's ...
Registered in 0.002753 seconds.
Begin MonoManager ReloadAssembly
Native extension for OSXStandalone target not found
Native extension for WebGL target not found
Refreshing native plugins compatible for Editor in 0.47 ms, found 2 plugins.
Preloading 0 native plugins for Editor in 0.00 ms.
Invoked RoslynAnalysisRunner static constructor.
RoslynAnalysisRunner will not be running.
RoslynAnalysisRunner has terminated.
Mono: successfully reloaded assembly
- Completed reload, in  1.763 seconds
Platform modules already initialized, skipping
Refreshing native plugins compatible for Editor in 0.36 ms, found 2 plugins.
Preloading 0 native plugins for Editor in 0.00 ms.
Unloading 1806 Unused Serialized files (Serialized files now loaded: 0)
System memory in use before: 162.5 MB.
System memory in use after: 162.6 MB.

Unloading 7 unused Assets to reduce memory usage. Loaded Objects now: 2293.
Total: 1.557125 ms (FindLiveObjects: 0.200541 ms CreateObjectMapping: 0.036000 ms MarkObjects: 1.294250 ms  DeleteObjects: 0.023583 ms)

========================================================================
Received Import Request.
  Time since last request: 162.005579 seconds.
  path: Assets/StageMoveScript.cs
  artifactKey: Guid(05446d38ab4a54d58a441cbc3bb24213) Importer(815301076,1909f56bfc062723c751e8b465ee728b)
Start importing Assets/StageMoveScript.cs using Guid(05446d38ab4a54d58a441cbc3bb24213) Importer(815301076,1909f56bfc062723c751e8b465ee728b)  -> (artifact id: '852d3ea492985fa3c0d53bba3f20f1ba') in 0.402821 seconds
  Import took 0.406007 seconds .

========================================================================
Received Prepare
Registering precompiled user dll's ...
Registered in 0.000855 seconds.
Begin MonoManager ReloadAssembly
Native extension for OSXStandalone target not found
Native extension for WebGL target not found
Refreshing native plugins compatible for Editor in 0.41 ms, found 2 plugins.
Preloading 0 native plugins for Editor in 0.00 ms.
Invoked RoslynAnalysisRunner static constructor.
RoslynAnalysisRunner will not be running.
RoslynAnalysisRunner has terminated.
Mono: successfully reloaded assembly
- Completed reload, in  1.748 seconds
Platform modules already initialized, skipping
Refreshing native plugins compatible for Editor in 0.36 ms, found 2 plugins.
Preloading 0 native plugins for Editor in 0.00 ms.
Unloading 1806 Unused Serialized files (Serialized files now loaded: 0)
System memory in use before: 242.8 MB.
System memory in use after: 242.9 MB.

Unloading 7 unused Assets to reduce memory usage. Loaded Objects now: 2296.
Total: 1.478000 ms (FindLiveObjects: 0.160042 ms CreateObjectMapping: 0.055000 ms MarkObjects: 1.240166 ms  DeleteObjects: 0.021750 ms)

========================================================================
Received Prepare
Registering precompiled user dll's ...
Registered in 0.001348 seconds.
Begin MonoManager ReloadAssembly
Native extension for OSXStandalone target not found
Native extension for WebGL target not found
Refreshing native plugins compatible for Editor in 0.36 ms, found 2 plugins.
Preloading 0 native plugins for Editor in 0.00 ms.
Invoked RoslynAnalysisRunner static constructor.
RoslynAnalysisRunner will not be running.
RoslynAnalysisRunner has terminated.
Mono: successfully reloaded assembly
- Completed reload, in  1.703 seconds
Platform modules already initialized, skipping
Refreshing native plugins compatible for Editor in 0.33 ms, found 2 plugins.
Preloading 0 native plugins for Editor in 0.00 ms.
Unloading 1806 Unused Serialized files (Serialized files now loaded: 0)
System memory in use before: 244.2 MB.
System memory in use after: 244.4 MB.

Unloading 7 unused Assets to reduce memory usage. Loaded Objects now: 2299.
Total: 3.996000 ms (FindLiveObjects: 0.353666 ms CreateObjectMapping: 0.041583 ms MarkObjects: 3.567750 ms  DeleteObjects: 0.029500 ms)

========================================================================
Received Import Request.
  Time since last request: 439.462289 seconds.
  path: Assets/Scripts/StageMoveScript.cs
  artifactKey: Guid(05446d38ab4a54d58a441cbc3bb24213) Importer(815301076,1909f56bfc062723c751e8b465ee728b)
Start importing Assets/Scripts/StageMoveScript.cs using Guid(05446d38ab4a54d58a441cbc3bb24213) Importer(815301076,1909f56bfc062723c751e8b465ee728b)  -> (artifact id: '24d6716bca665aef1a0e437ca016956f') in 0.033853 seconds
  Import took 0.046633 seconds .

========================================================================
Received Prepare
Registering precompiled user dll's ...
Registered in 0.001025 seconds.
Begin MonoManager ReloadAssembly
Native extension for OSXStandalone target not found
Native extension for WebGL target not found
Refreshing native plugins compatible for Editor in 0.40 ms, found 2 plugins.
Preloading 0 native plugins for Editor in 0.00 ms.
Invoked RoslynAnalysisRunner static constructor.
RoslynAnalysisRunner will not be running.
RoslynAnalysisRunner has terminated.
Mono: successfully reloaded assembly
- Completed reload, in  1.730 seconds
Platform modules already initialized, skipping
Refreshing native plugins compatible for Editor in 0.34 ms, found 2 plugins.
Preloading 0 native plugins for Editor in 0.00 ms.
Unloading 1806 Unused Serialized files (Serialized files now loaded: 0)
System memory in use before: 245.7 MB.
System memory in use after: 245.8 MB.

Unloading 7 unused Assets to reduce memory usage. Loaded Objects now: 2302.
Total: 2.747833 ms (FindLiveObjects: 0.339833 ms CreateObjectMapping: 0.039708 ms MarkObjects: 2.339625 ms  DeleteObjects: 0.026041 ms)

========================================================================
Received Prepare
Registering precompiled user dll's ...
Registered in 0.001890 seconds.
Begin MonoManager ReloadAssembly
Native extension for OSXStandalone target not found
Native extension for WebGL target not found
Refreshing native plugins compatible for Editor in 0.37 ms, found 2 plugins.
Preloading 0 native plugins for Editor in 0.00 ms.
Invoked RoslynAnalysisRunner static constructor.
RoslynAnalysisRunner will not be running.
RoslynAnalysisRunner has terminated.
Mono: successfully reloaded assembly
- Completed reload, in  1.502 seconds
Platform modules already initialized, skipping
Refreshing native plugins compatible for Editor in 0.35 ms, found 2 plugins.
Preloading 0 native plugins for Editor in 0.00 ms.
Unloading 1806 Unused Serialized files (Serialized files now loaded: 0)
System memory in use before: 247.1 MB.
System memory in use after: 247.2 MB.

Unloading 7 unused Assets to reduce memory usage. Loaded Objects now: 2305.
Total: 1.479875 ms (FindLiveObjects: 0.189375 ms CreateObjectMapping: 0.036292 ms MarkObjects: 1.232792 ms  DeleteObjects: 0.020500 ms)

========================================================================
Received Prepare
Registering precompiled user dll's ...
Registered in 0.001077 seconds.
Begin MonoManager ReloadAssembly
Native extension for OSXStandalone target not found
Native extension for WebGL target not found
Refreshing native plugins compatible for Editor in 0.35 ms, found 2 plugins.
Preloading 0 native plugins for Editor in 0.00 ms.
Invoked RoslynAnalysisRunner static constructor.
RoslynAnalysisRunner will not be running.
RoslynAnalysisRunner has terminated.
Mono: successfully reloaded assembly
- Completed reload, in  1.516 seconds
Platform modules already initialized, skipping
Refreshing native plugins compatible for Editor in 0.35 ms, found 2 plugins.
Preloading 0 native plugins for Editor in 0.00 ms.
Unloading 1806 Unused Serialized files (Serialized files now loaded: 0)
System memory in use before: 248.5 MB.
System memory in use after: 248.6 MB.

Unloading 7 unused Assets to reduce memory usage. Loaded Objects now: 2308.
Total: 1.388417 ms (FindLiveObjects: 0.199167 ms CreateObjectMapping: 0.036083 ms MarkObjects: 1.134875 ms  DeleteObjects: 0.017292 ms)

========================================================================
Received Prepare
Registering precompiled user dll's ...
Registered in 0.001791 seconds.
Begin MonoManager ReloadAssembly
Native extension for OSXStandalone target not found
Native extension for WebGL target not found
Refreshing native plugins compatible for Editor in 0.34 ms, found 2 plugins.
Preloading 0 native plugins for Editor in 0.00 ms.
Invoked RoslynAnalysisRunner static constructor.
RoslynAnalysisRunner will not be running.
RoslynAnalysisRunner has terminated.
Mono: successfully reloaded assembly
- Completed reload, in  1.541 seconds
Platform modules already initialized, skipping
Refreshing native plugins compatible for Editor in 0.29 ms, found 2 plugins.
Preloading 0 native plugins for Editor in 0.00 ms.
Unloading 1806 Unused Serialized files (Serialized files now loaded: 0)
System memory in use before: 249.9 MB.
System memory in use after: 250.1 MB.

Unloading 7 unused Assets to reduce memory usage. Loaded Objects now: 2311.
Total: 1.442042 ms (FindLiveObjects: 0.144667 ms CreateObjectMapping: 0.038458 ms MarkObjects: 1.237250 ms  DeleteObjects: 0.020750 ms)

========================================================================
Received Prepare
Registering precompiled user dll's ...
Registered in 0.001797 seconds.
Begin MonoManager ReloadAssembly
Native extension for OSXStandalone target not found
Native extension for WebGL target not found
Refreshing native plugins compatible for Editor in 0.34 ms, found 2 plugins.
Preloading 0 native plugins for Editor in 0.00 ms.
Invoked RoslynAnalysisRunner static constructor.
RoslynAnalysisRunner will not be running.
RoslynAnalysisRunner has terminated.
Mono: successfully reloaded assembly
- Completed reload, in  1.564 seconds
Platform modules already initialized, skipping
Refreshing native plugins compatible for Editor in 0.31 ms, found 2 plugins.
Preloading 0 native plugins for Editor in 0.00 ms.
Unloading 1806 Unused Serialized files (Serialized files now loaded: 0)
System memory in use before: 251.4 MB.
System memory in use after: 251.5 MB.

Unloading 7 unused Assets to reduce memory usage. Loaded Objects now: 2314.
Total: 1.430583 ms (FindLiveObjects: 0.159833 ms CreateObjectMapping: 0.035875 ms MarkObjects: 1.213958 ms  DeleteObjects: 0.019875 ms)

========================================================================
Received Prepare
Registering precompiled user dll's ...
Registered in 0.001809 seconds.
Begin MonoManager ReloadAssembly
Native extension for OSXStandalone target not found
Native extension for WebGL target not found
Refreshing native plugins compatible for Editor in 0.33 ms, found 2 plugins.
Preloading 0 native plugins for Editor in 0.00 ms.
Invoked RoslynAnalysisRunner static constructor.
RoslynAnalysisRunner will not be running.
RoslynAnalysisRunner has terminated.
Mono: successfully reloaded assembly
- Completed reload, in  1.509 seconds
Platform modules already initialized, skipping
Refreshing native plugins compatible for Editor in 0.47 ms, found 2 plugins.
Preloading 0 native plugins for Editor in 0.00 ms.
Unloading 1806 Unused Serialized files (Serialized files now loaded: 0)
System memory in use before: 252.8 MB.
System memory in use after: 252.9 MB.

Unloading 7 unused Assets to reduce memory usage. Loaded Objects now: 2317.
Total: 1.452208 ms (FindLiveObjects: 0.193125 ms CreateObjectMapping: 0.037125 ms MarkObjects: 1.196125 ms  DeleteObjects: 0.024417 ms)

